40960
14342
937
19215
696
2303
14907
14911
8798
18058
14222
14140
13291
10842
26974
27529
22395
16328
22291
8000
5972
50
13911
19122
2180
33426
365
5052
221
17676
12585
15964
2610
3763
19506
21365
840
1083
14368
15440
466
17587
31294
226
9769
14428
24410
1256
7137
7761
16278
4753
5745
26848
19063
33217
14079
14476
2801
2569
27064
8117
747
18127
3880
3478
13908
18140
18735
8004
14987
12482
27006
15366
18487
7387
17201
3020
315
19474
390
2543
27255
13730
25855
7475
1938
21984
9858
15677
142
442
35427
28279
2143
5520
35729
1259
134
38758
